# JRE version: OpenJDK Runtime Environment (11.0.8+10) (build 11.0.8+10-post-Debian-1deb10u1)
# Java VM: OpenJDK 64-Bit Server VM (11.0.8+10-post-Debian-1deb10u1, mixed mode, sharing, tiered, compressed oops, g1 gc, linux-amd64)
Heap:
 garbage-first heap   total 820224K, used 42522K [0x0000000084c00000, 0x0000000100000000)
  region size 1024K, 2 young (2048K), 2 survivors (2048K)
 Metaspace       used 50259K, capacity 51455K, committed 51836K, reserved 1093632K
  class space    used 6769K, capacity 7274K, committed 7372K, reserved 1048576K
GC Heap History (20 events):
Event: 24.476 GC heap after
{Heap after GC invocations=23 (full 0):
 garbage-first heap   total 273408K, used 41285K [0x0000000084c00000, 0x0000000100000000)
  region size 1024K, 7 young (7168K), 7 survivors (7168K)
 Metaspace       used 50248K, capacity 51455K, committed 51836K, reserved 1093632K
  class space    used 6766K, capacity 7274K, committed 7372K, reserved 1048576K
}
Event: 25.000 GC heap before
{Heap before GC invocations=23 (full 0):
 garbage-first heap   total 273408K, used 197957K [0x0000000084c00000, 0x0000000100000000)
  region size 1024K, 160 young (163840K), 7 survivors (7168K)
 Metaspace       used 50248K, capacity 51455K, committed 51836K, reserved 1093632K
  class space    used 6766K, capacity 7274K, committed 7372K, reserved 1048576K
}
Event: 25.010 GC heap after
{Heap after GC invocations=24 (full 0):
 garbage-first heap   total 273408K, used 41285K [0x0000000084c00000, 0x0000000100000000)
  region size 1024K, 7 young (7168K), 7 survivors (7168K)
 Metaspace       used 50248K, capacity 51455K, committed 51836K, reserved 1093632K
  class space    used 6766K, capacity 7274K, committed 7372K, reserved 1048576K
}
Event: 32.649 GC heap before
{Heap before GC invocations=24 (full 0):
 garbage-first heap   total 273408K, used 197957K [0x0000000084c00000, 0x0000000100000000)
  region size 1024K, 160 young (163840K), 7 survivors (7168K)
 Metaspace       used 50248K, capacity 51455K, committed 51836K, reserved 1093632K
  class space    used 6766K, capacity 7274K, committed 7372K, reserved 1048576K
}
Event: 65.331 GC heap after
{Heap after GC invocations=25 (full 0):
 garbage-first heap   total 273408K, used 42309K [0x0000000084c00000, 0x0000000100000000)
  region size 1024K, 8 young (8192K), 8 survivors (8192K)
 Metaspace       used 50248K, capacity 51455K, committed 51836K, reserved 1093632K
  class space    used 6766K, capacity 7274K, committed 7372K, reserved 1048576K
}
Event: 83.122 GC heap before
{Heap before GC invocations=25 (full 0):
 garbage-first heap   total 273408K, used 46405K [0x0000000084c00000, 0x0000000100000000)
  region size 1024K, 13 young (13312K), 8 survivors (8192K)
 Metaspace       used 50259K, capacity 51455K, committed 51836K, reserved 1093632K
  class space    used 6769K, capacity 7274K, committed 7372K, reserved 1048576K
}
Event: 83.216 GC heap after
{Heap after GC invocations=26 (full 0):
 garbage-first heap   total 273408K, used 42380K [0x0000000084c00000, 0x0000000100000000)
  region size 1024K, 2 young (2048K), 2 survivors (2048K)
 Metaspace       used 50259K, capacity 51455K, committed 51836K, reserved 1093632K
  class space    used 6769K, capacity 7274K, committed 7372K, reserved 1048576K
}
Event: 83.248 GC heap before
{Heap before GC invocations=26 (full 0):
 garbage-first heap   total 273408K, used 53644K [0x0000000084c00000, 0x0000000100000000)
  region size 1024K, 13 young (13312K), 2 survivors (2048K)
 Metaspace       used 50259K, capacity 51455K, committed 51836K, reserved 1093632K
  class space    used 6769K, capacity 7274K, committed 7372K, reserved 1048576K
}
Event: 83.255 GC heap after
{Heap after GC invocations=27 (full 0):
 garbage-first heap   total 273408K, used 41400K [0x0000000084c00000, 0x0000000100000000)
  region size 1024K, 1 young (1024K), 1 survivors (1024K)
 Metaspace       used 50259K, capacity 51455K, committed 51836K, reserved 1093632K
  class space    used 6769K, capacity 7274K, committed 7372K, reserved 1048576K
}
Event: 83.292 GC heap before
{Heap before GC invocations=27 (full 0):
 garbage-first heap   total 273408K, used 53688K [0x0000000084c00000, 0x0000000100000000)
  region size 1024K, 13 young (13312K), 1 survivors (1024K)
 Metaspace       used 50259K, capacity 51455K, committed 51836K, reserved 1093632K
  class space    used 6769K, capacity 7274K, committed 7372K, reserved 1048576K
}
Event: 83.293 GC heap after
{Heap after GC invocations=28 (full 0):
 garbage-first heap   total 273408K, used 41358K [0x0000000084c00000, 0x0000000100000000)
  region size 1024K, 1 young (1024K), 1 survivors (1024K)
 Metaspace       used 50259K, capacity 51455K, committed 51836K, reserved 1093632K
  class space    used 6769K, capacity 7274K, committed 7372K, reserved 1048576K
}
Event: 83.327 GC heap before
{Heap before GC invocations=28 (full 0):
 garbage-first heap   total 273408K, used 53646K [0x0000000084c00000, 0x0000000100000000)
  region size 1024K, 13 young (13312K), 1 survivors (1024K)
 Metaspace       used 50259K, capacity 51455K, committed 51836K, reserved 1093632K
  class space    used 6769K, capacity 7274K, committed 7372K, reserved 1048576K
}
Event: 83.328 GC heap after
{Heap after GC invocations=29 (full 0):
 garbage-first heap   total 273408K, used 41563K [0x0000000084c00000, 0x0000000100000000)
  region size 1024K, 1 young (1024K), 1 survivors (1024K)
 Metaspace       used 50259K, capacity 51455K, committed 51836K, reserved 1093632K
  class space    used 6769K, capacity 7274K, committed 7372K, reserved 1048576K
}
Event: 83.364 GC heap before
{Heap before GC invocations=29 (full 0):
 garbage-first heap   total 273408K, used 53851K [0x0000000084c00000, 0x0000000100000000)
  region size 1024K, 13 young (13312K), 1 survivors (1024K)
 Metaspace       used 50259K, capacity 51455K, committed 51836K, reserved 1093632K
  class space    used 6769K, capacity 7274K, committed 7372K, reserved 1048576K
}
Event: 83.366 GC heap after
{Heap after GC invocations=30 (full 0):
 garbage-first heap   total 273408K, used 41608K [0x0000000084c00000, 0x0000000100000000)
  region size 1024K, 1 young (1024K), 1 survivors (1024K)
 Metaspace       used 50259K, capacity 51455K, committed 51836K, reserved 1093632K
  class space    used 6769K, capacity 7274K, committed 7372K, reserved 1048576K
}
Event: 83.400 GC heap before
{Heap before GC invocations=30 (full 0):
 garbage-first heap   total 273408K, used 53896K [0x0000000084c00000, 0x0000000100000000)
  region size 1024K, 13 young (13312K), 1 survivors (1024K)
 Metaspace       used 50259K, capacity 51455K, committed 51836K, reserved 1093632K
  class space    used 6769K, capacity 7274K, committed 7372K, reserved 1048576K
}
Event: 83.401 GC heap after
{Heap after GC invocations=31 (full 0):
 garbage-first heap   total 273408K, used 41877K [0x0000000084c00000, 0x0000000100000000)
  region size 1024K, 1 young (1024K), 1 survivors (1024K)
 Metaspace       used 50259K, capacity 51455K, committed 51836K, reserved 1093632K
  class space    used 6769K, capacity 7274K, committed 7372K, reserved 1048576K
}
Event: 83.434 GC heap before
{Heap before GC invocations=31 (full 0):
 garbage-first heap   total 273408K, used 54165K [0x0000000084c00000, 0x0000000100000000)
  region size 1024K, 13 young (13312K), 1 survivors (1024K)
 Metaspace       used 50259K, capacity 51455K, committed 51836K, reserved 1093632K
  class space    used 6769K, capacity 7274K, committed 7372K, reserved 1048576K
}
Event: 83.435 GC heap after
{Heap after GC invocations=32 (full 0):
 garbage-first heap   total 273408K, used 42062K [0x0000000084c00000, 0x0000000100000000)
  region size 1024K, 2 young (2048K), 2 survivors (2048K)
 Metaspace       used 50259K, capacity 51455K, committed 51836K, reserved 1093632K
  class space    used 6769K, capacity 7274K, committed 7372K, reserved 1048576K
}
Event: 83.466 GC heap before
{Heap before GC invocations=32 (full 0):
 garbage-first heap   total 273408K, used 53326K [0x0000000084c00000, 0x0000000100000000)
  region size 1024K, 13 young (13312K), 2 survivors (2048K)
 Metaspace       used 50259K, capacity 51455K, committed 51836K, reserved 1093632K
  class space    used 6769K, capacity 7274K, committed 7372K, reserved 1048576K
}

